2026-03-12 01:02:06 - verifiers.workers.server.env_server.ZMQEnvServer - INFO - Initializing ZMQEnvServer to serve candidate-env (env_args={}, extra_env_kwargs={})
2026-03-12 01:02:06 - verifiers.workers.server.env_server.ZMQEnvServer - INFO - Loading environment candidate-env with env_args={}
2026-03-12 01:02:06 - verifiers.utils.env_utils - INFO - Loading environment: candidate-env
2026-03-12 01:02:06 - verifiers.utils.env_utils - INFO - Using default args: num_tasks=50, eval_num_tasks=20
2026-03-12 01:02:06 - verifiers.utils.env_utils - INFO - Successfully loaded environment 'candidate-env'
2026-03-12 01:02:06 - verifiers.workers.server.env_server.ZMQEnvServer - INFO - ZMQEnvServer started on tcp://127.0.0.1:58000
2026-03-12 01:02:06 - verifiers.workers.server.env_server.ZMQEnvServer - INFO - Health check responder started on tcp://127.0.0.1:58001
2026-03-12 01:02:16 - verifiers.workers.server.env_server.ZMQEnvServer - INFO - Pending tasks: 1, Event loop lag: mean=1ms, p99=25ms, max=25ms (n=98)
2026-03-12 01:02:26 - verifiers.workers.server.env_server.ZMQEnvServer - INFO - Pending tasks: 1, Event loop lag: mean=1ms, p99=1ms, max=1ms (n=99)
2026-03-12 01:02:36 - verifiers.workers.server.env_server.ZMQEnvServer - INFO - Pending tasks: 1, Event loop lag: mean=1ms, p99=2ms, max=2ms (n=99)
2026-03-12 01:02:46 - verifiers.workers.server.env_server.ZMQEnvServer - INFO - Pending tasks: 1, Event loop lag: mean=1ms, p99=13ms, max=13ms (n=99)
2026-03-12 01:02:56 - verifiers.workers.server.env_server.ZMQEnvServer - INFO - Pending tasks: 1, Event loop lag: mean=1ms, p99=7ms, max=7ms (n=99)
2026-03-12 01:03:06 - verifiers.workers.server.env_server.ZMQEnvServer - INFO - Pending tasks: 1, Event loop lag: mean=1ms, p99=3ms, max=3ms (n=99)
2026-03-12 01:03:16 - verifiers.workers.server.env_server.ZMQEnvServer - INFO - Pending tasks: 1, Event loop lag: mean=1ms, p99=12ms, max=12ms (n=99)
2026-03-12 01:03:26 - verifiers.workers.server.env_server.ZMQEnvServer - INFO - Pending tasks: 1, Event loop lag: mean=1ms, p99=2ms, max=2ms (n=99)
2026-03-12 01:03:36 - verifiers.workers.server.env_server.ZMQEnvServer - INFO - Pending tasks: 1, Event loop lag: mean=1ms, p99=2ms, max=2ms (n=99)
2026-03-12 01:03:46 - verifiers.workers.server.env_server.ZMQEnvServer - INFO - Pending tasks: 1, Event loop lag: mean=1ms, p99=10ms, max=10ms (n=98)
2026-03-12 01:03:56 - verifiers.workers.server.env_server.ZMQEnvServer - INFO - Pending tasks: 1, Event loop lag: mean=1ms, p99=3ms, max=3ms (n=99)
2026-03-12 01:04:06 - verifiers.workers.server.env_server.ZMQEnvServer - INFO - Pending tasks: 1, Event loop lag: mean=1ms, p99=4ms, max=4ms (n=99)
2026-03-12 01:04:08 - verifiers.workers.server.env_server.ZMQEnvServer - INFO - Environment server shut down
2026-03-12 01:04:16 - verifiers.workers.server.env_server.ZMQEnvServer - INFO - Initializing ZMQEnvServer to serve candidate-env (env_args={}, extra_env_kwargs={})
2026-03-12 01:04:16 - verifiers.workers.server.env_server.ZMQEnvServer - INFO - Loading environment candidate-env with env_args={}
2026-03-12 01:04:16 - verifiers.utils.env_utils - INFO - Loading environment: candidate-env
2026-03-12 01:04:16 - verifiers.utils.env_utils - INFO - Using default args: eval_num_tasks=20, num_tasks=50
2026-03-12 01:04:16 - verifiers.utils.env_utils - INFO - Successfully loaded environment 'candidate-env'
2026-03-12 01:04:16 - verifiers.workers.server.env_server.ZMQEnvServer - INFO - ZMQEnvServer started on tcp://127.0.0.1:59106
2026-03-12 01:04:16 - verifiers.workers.server.env_server.ZMQEnvServer - INFO - Health check responder started on tcp://127.0.0.1:59107
2026-03-12 01:04:26 - verifiers.workers.server.env_server.ZMQEnvServer - INFO - Pending tasks: 8, Event loop lag: mean=2ms, p99=104ms, max=104ms (n=97)
2026-03-12 01:04:36 - verifiers.workers.server.env_server.ZMQEnvServer - INFO - Pending tasks: 8, Event loop lag: mean=1ms, p99=8ms, max=8ms (n=99)
2026-03-12 01:04:46 - verifiers.workers.server.env_server.ZMQEnvServer - INFO - Pending tasks: 8, Event loop lag: mean=1ms, p99=4ms, max=4ms (n=99)
2026-03-12 01:04:56 - verifiers.workers.server.env_server.ZMQEnvServer - INFO - Pending tasks: 8, Event loop lag: mean=1ms, p99=10ms, max=10ms (n=99)
2026-03-12 01:05:06 - verifiers.workers.server.env_server.ZMQEnvServer - INFO - Pending tasks: 8, Event loop lag: mean=1ms, p99=13ms, max=13ms (n=98)
2026-03-12 01:05:16 - verifiers.workers.server.env_server.ZMQEnvServer - INFO - Pending tasks: 8, Event loop lag: mean=1ms, p99=8ms, max=8ms (n=99)
2026-03-12 01:05:26 - verifiers.workers.server.env_server.ZMQEnvServer - INFO - Pending tasks: 8, Event loop lag: mean=1ms, p99=7ms, max=7ms (n=99)
2026-03-12 01:05:36 - verifiers.workers.server.env_server.ZMQEnvServer - INFO - Pending tasks: 6, Event loop lag: mean=1ms, p99=7ms, max=7ms (n=99)
2026-03-12 01:05:46 - verifiers.workers.server.env_server.ZMQEnvServer - INFO - Pending tasks: 4, Event loop lag: mean=1ms, p99=8ms, max=8ms (n=99)
2026-03-12 01:05:56 - verifiers.workers.server.env_server.ZMQEnvServer - INFO - Pending tasks: 3, Event loop lag: mean=1ms, p99=4ms, max=4ms (n=99)
2026-03-12 01:06:06 - verifiers.workers.server.env_server.ZMQEnvServer - INFO - Pending tasks: 2, Event loop lag: mean=1ms, p99=6ms, max=6ms (n=99)
2026-03-12 01:06:16 - verifiers.workers.server.env_server.ZMQEnvServer - INFO - Pending tasks: 1, Event loop lag: mean=1ms, p99=1ms, max=1ms (n=99)
2026-03-12 01:06:26 - verifiers.workers.server.env_server.ZMQEnvServer - INFO - Pending tasks: 1, Event loop lag: mean=1ms, p99=6ms, max=6ms (n=99)
2026-03-12 01:06:30 - verifiers.workers.server.env_server.ZMQEnvServer - INFO - Environment server shut down
2026-03-12 01:12:59 - verifiers.workers.server.env_server.ZMQEnvServer - INFO - Initializing ZMQEnvServer to serve candidate-env (env_args={}, extra_env_kwargs={})
2026-03-12 01:12:59 - verifiers.workers.server.env_server.ZMQEnvServer - INFO - Loading environment candidate-env with env_args={}
2026-03-12 01:12:59 - verifiers.utils.env_utils - INFO - Loading environment: candidate-env
2026-03-12 01:12:59 - verifiers.utils.env_utils - INFO - Using default args: num_tasks=50, eval_num_tasks=20
2026-03-12 01:12:59 - verifiers.utils.env_utils - INFO - Successfully loaded environment 'candidate-env'
2026-03-12 01:12:59 - verifiers.workers.server.env_server.ZMQEnvServer - INFO - ZMQEnvServer started on tcp://127.0.0.1:63380
2026-03-12 01:12:59 - verifiers.workers.server.env_server.ZMQEnvServer - INFO - Health check responder started on tcp://127.0.0.1:63381
2026-03-12 01:13:09 - verifiers.workers.server.env_server.ZMQEnvServer - INFO - Pending tasks: 1, Event loop lag: mean=2ms, p99=62ms, max=62ms (n=98)
2026-03-12 01:13:19 - verifiers.workers.server.env_server.ZMQEnvServer - INFO - Pending tasks: 1, Event loop lag: mean=1ms, p99=1ms, max=1ms (n=99)
2026-03-12 01:13:29 - verifiers.workers.server.env_server.ZMQEnvServer - INFO - Pending tasks: 1, Event loop lag: mean=1ms, p99=1ms, max=1ms (n=99)
2026-03-12 01:13:39 - verifiers.workers.server.env_server.ZMQEnvServer - INFO - Pending tasks: 1, Event loop lag: mean=1ms, p99=3ms, max=3ms (n=99)
2026-03-12 01:13:49 - verifiers.workers.server.env_server.ZMQEnvServer - INFO - Pending tasks: 1, Event loop lag: mean=1ms, p99=1ms, max=1ms (n=99)
2026-03-12 01:13:59 - verifiers.workers.server.env_server.ZMQEnvServer - INFO - Pending tasks: 1, Event loop lag: mean=1ms, p99=2ms, max=2ms (n=99)
2026-03-12 01:14:04 - verifiers.workers.server.env_server.ZMQEnvServer - INFO - Environment server shut down
2026-03-12 01:14:11 - verifiers.workers.server.env_server.ZMQEnvServer - INFO - Initializing ZMQEnvServer to serve candidate-env (env_args={}, extra_env_kwargs={})
2026-03-12 01:14:11 - verifiers.workers.server.env_server.ZMQEnvServer - INFO - Loading environment candidate-env with env_args={}
2026-03-12 01:14:11 - verifiers.utils.env_utils - INFO - Loading environment: candidate-env
2026-03-12 01:14:11 - verifiers.utils.env_utils - INFO - Using default args: num_tasks=50, eval_num_tasks=20
2026-03-12 01:14:11 - verifiers.utils.env_utils - INFO - Successfully loaded environment 'candidate-env'
2026-03-12 01:14:11 - verifiers.workers.server.env_server.ZMQEnvServer - INFO - ZMQEnvServer started on tcp://127.0.0.1:64003
2026-03-12 01:14:11 - verifiers.workers.server.env_server.ZMQEnvServer - INFO - Health check responder started on tcp://127.0.0.1:64004
2026-03-12 01:14:21 - verifiers.workers.server.env_server.ZMQEnvServer - INFO - Pending tasks: 8, Event loop lag: mean=1ms, p99=6ms, max=6ms (n=98)
2026-03-12 01:14:31 - verifiers.workers.server.env_server.ZMQEnvServer - INFO - Pending tasks: 8, Event loop lag: mean=1ms, p99=10ms, max=10ms (n=99)
2026-03-12 01:14:41 - verifiers.workers.server.env_server.ZMQEnvServer - INFO - Pending tasks: 8, Event loop lag: mean=1ms, p99=10ms, max=10ms (n=99)
2026-03-12 01:14:51 - verifiers.workers.server.env_server.ZMQEnvServer - INFO - Pending tasks: 8, Event loop lag: mean=1ms, p99=13ms, max=13ms (n=99)
2026-03-12 01:15:01 - verifiers.workers.server.env_server.ZMQEnvServer - INFO - Pending tasks: 8, Event loop lag: mean=2ms, p99=19ms, max=19ms (n=98)
2026-03-12 01:15:11 - verifiers.workers.server.env_server.ZMQEnvServer - INFO - Pending tasks: 8, Event loop lag: mean=2ms, p99=20ms, max=20ms (n=98)
2026-03-12 01:15:21 - verifiers.workers.server.env_server.ZMQEnvServer - INFO - Pending tasks: 8, Event loop lag: mean=1ms, p99=21ms, max=21ms (n=99)
2026-03-12 01:15:31 - verifiers.workers.server.env_server.ZMQEnvServer - INFO - Pending tasks: 8, Event loop lag: mean=2ms, p99=31ms, max=31ms (n=98)
2026-03-12 01:15:41 - verifiers.workers.server.env_server.ZMQEnvServer - INFO - Pending tasks: 5, Event loop lag: mean=1ms, p99=20ms, max=20ms (n=98)
2026-03-12 01:15:51 - verifiers.workers.server.env_server.ZMQEnvServer - INFO - Pending tasks: 5, Event loop lag: mean=1ms, p99=6ms, max=6ms (n=99)
2026-03-12 01:16:01 - verifiers.workers.server.env_server.ZMQEnvServer - INFO - Pending tasks: 2, Event loop lag: mean=1ms, p99=1ms, max=1ms (n=99)
2026-03-12 01:16:11 - verifiers.workers.server.env_server.ZMQEnvServer - INFO - Pending tasks: 1, Event loop lag: mean=1ms, p99=3ms, max=3ms (n=99)
2026-03-12 01:16:21 - verifiers.workers.server.env_server.ZMQEnvServer - INFO - Pending tasks: 1, Event loop lag: mean=1ms, p99=1ms, max=1ms (n=99)
2026-03-12 01:16:24 - verifiers.workers.server.env_server.ZMQEnvServer - INFO - Environment server shut down
2026-03-12 01:22:37 - verifiers.workers.server.env_server.ZMQEnvServer - INFO - Initializing ZMQEnvServer to serve candidate-env (env_args={}, extra_env_kwargs={})
2026-03-12 01:22:37 - verifiers.workers.server.env_server.ZMQEnvServer - INFO - Loading environment candidate-env with env_args={}
2026-03-12 01:22:37 - verifiers.utils.env_utils - INFO - Loading environment: candidate-env
2026-03-12 01:22:37 - verifiers.utils.env_utils - INFO - Using default args: eval_num_tasks=20, num_tasks=50
2026-03-12 01:22:37 - verifiers.utils.env_utils - INFO - Successfully loaded environment 'candidate-env'
2026-03-12 01:22:37 - verifiers.workers.server.env_server.ZMQEnvServer - INFO - ZMQEnvServer started on tcp://127.0.0.1:51535
2026-03-12 01:22:37 - verifiers.workers.server.env_server.ZMQEnvServer - INFO - Health check responder started on tcp://127.0.0.1:51536
2026-03-12 01:22:47 - verifiers.workers.server.env_server.ZMQEnvServer - INFO - Pending tasks: 1, Event loop lag: mean=3ms, p99=72ms, max=72ms (n=97)
2026-03-12 01:22:57 - verifiers.workers.server.env_server.ZMQEnvServer - INFO - Pending tasks: 1, Event loop lag: mean=2ms, p99=2ms, max=2ms (n=98)
2026-03-12 01:23:07 - verifiers.workers.server.env_server.ZMQEnvServer - INFO - Pending tasks: 1, Event loop lag: mean=2ms, p99=3ms, max=3ms (n=99)
2026-03-12 01:23:17 - verifiers.workers.server.env_server.ZMQEnvServer - INFO - Pending tasks: 1, Event loop lag: mean=2ms, p99=11ms, max=11ms (n=98)
2026-03-12 01:23:25 - verifiers.workers.server.env_server.ZMQEnvServer - INFO - Environment server shut down
2026-03-12 01:23:32 - verifiers.workers.server.env_server.ZMQEnvServer - INFO - Initializing ZMQEnvServer to serve candidate-env (env_args={}, extra_env_kwargs={})
2026-03-12 01:23:32 - verifiers.workers.server.env_server.ZMQEnvServer - INFO - Loading environment candidate-env with env_args={}
2026-03-12 01:23:32 - verifiers.utils.env_utils - INFO - Loading environment: candidate-env
2026-03-12 01:23:32 - verifiers.utils.env_utils - INFO - Using default args: num_tasks=50, eval_num_tasks=20
2026-03-12 01:23:32 - verifiers.utils.env_utils - INFO - Successfully loaded environment 'candidate-env'
2026-03-12 01:23:32 - verifiers.workers.server.env_server.ZMQEnvServer - INFO - ZMQEnvServer started on tcp://127.0.0.1:51985
2026-03-12 01:23:32 - verifiers.workers.server.env_server.ZMQEnvServer - INFO - Health check responder started on tcp://127.0.0.1:51986
2026-03-12 01:23:42 - verifiers.workers.server.env_server.ZMQEnvServer - INFO - Pending tasks: 8, Event loop lag: mean=3ms, p99=90ms, max=90ms (n=97)
2026-03-12 01:23:52 - verifiers.workers.server.env_server.ZMQEnvServer - INFO - Pending tasks: 8, Event loop lag: mean=2ms, p99=9ms, max=9ms (n=98)
2026-03-12 01:24:02 - verifiers.workers.server.env_server.ZMQEnvServer - INFO - Pending tasks: 8, Event loop lag: mean=2ms, p99=13ms, max=13ms (n=98)
2026-03-12 01:24:12 - verifiers.workers.server.env_server.ZMQEnvServer - INFO - Pending tasks: 8, Event loop lag: mean=2ms, p99=13ms, max=13ms (n=98)
2026-03-12 01:24:22 - verifiers.workers.server.env_server.ZMQEnvServer - INFO - Pending tasks: 8, Event loop lag: mean=2ms, p99=16ms, max=16ms (n=97)
2026-03-12 01:24:32 - verifiers.workers.server.env_server.ZMQEnvServer - INFO - Pending tasks: 8, Event loop lag: mean=2ms, p99=14ms, max=14ms (n=98)
2026-03-12 01:24:42 - verifiers.workers.server.env_server.ZMQEnvServer - INFO - Pending tasks: 7, Event loop lag: mean=2ms, p99=19ms, max=19ms (n=98)
2026-03-12 01:24:52 - verifiers.workers.server.env_server.ZMQEnvServer - INFO - Pending tasks: 4, Event loop lag: mean=2ms, p99=13ms, max=13ms (n=98)
2026-03-12 01:25:02 - verifiers.workers.server.env_server.ZMQEnvServer - INFO - Pending tasks: 4, Event loop lag: mean=2ms, p99=4ms, max=4ms (n=98)
2026-03-12 01:25:12 - verifiers.workers.server.env_server.ZMQEnvServer - INFO - Pending tasks: 4, Event loop lag: mean=2ms, p99=17ms, max=17ms (n=98)
2026-03-12 01:25:22 - verifiers.workers.server.env_server.ZMQEnvServer - INFO - Pending tasks: 2, Event loop lag: mean=2ms, p99=5ms, max=5ms (n=98)
2026-03-12 01:25:32 - verifiers.workers.server.env_server.ZMQEnvServer - INFO - Pending tasks: 2, Event loop lag: mean=2ms, p99=9ms, max=9ms (n=99)
2026-03-12 01:25:34 - verifiers.workers.server.env_server.ZMQEnvServer - INFO - Environment server shut down
2026-03-12 01:32:14 - verifiers.workers.server.env_server.ZMQEnvServer - INFO - Initializing ZMQEnvServer to serve candidate-env (env_args={}, extra_env_kwargs={})
2026-03-12 01:32:14 - verifiers.workers.server.env_server.ZMQEnvServer - INFO - Loading environment candidate-env with env_args={}
2026-03-12 01:32:14 - verifiers.utils.env_utils - INFO - Loading environment: candidate-env
2026-03-12 01:32:14 - verifiers.utils.env_utils - INFO - Using default args: num_tasks=50, eval_num_tasks=20
2026-03-12 01:32:14 - verifiers.utils.env_utils - INFO - Successfully loaded environment 'candidate-env'
2026-03-12 01:32:14 - verifiers.workers.server.env_server.ZMQEnvServer - INFO - ZMQEnvServer started on tcp://127.0.0.1:56063
2026-03-12 01:32:14 - verifiers.workers.server.env_server.ZMQEnvServer - INFO - Health check responder started on tcp://127.0.0.1:56064
2026-03-12 01:32:24 - verifiers.workers.server.env_server.ZMQEnvServer - INFO - Pending tasks: 1, Event loop lag: mean=2ms, p99=53ms, max=53ms (n=97)
2026-03-12 01:32:34 - verifiers.workers.server.env_server.ZMQEnvServer - INFO - Pending tasks: 1, Event loop lag: mean=2ms, p99=2ms, max=2ms (n=99)
2026-03-12 01:32:44 - verifiers.workers.server.env_server.ZMQEnvServer - INFO - Pending tasks: 1, Event loop lag: mean=2ms, p99=2ms, max=2ms (n=98)
2026-03-12 01:32:54 - verifiers.workers.server.env_server.ZMQEnvServer - INFO - Pending tasks: 1, Event loop lag: mean=2ms, p99=3ms, max=3ms (n=98)
2026-03-12 01:33:04 - verifiers.workers.server.env_server.ZMQEnvServer - INFO - Pending tasks: 1, Event loop lag: mean=2ms, p99=4ms, max=4ms (n=98)
2026-03-12 01:33:14 - verifiers.workers.server.env_server.ZMQEnvServer - INFO - Pending tasks: 1, Event loop lag: mean=2ms, p99=2ms, max=2ms (n=99)
2026-03-12 01:33:24 - verifiers.workers.server.env_server.ZMQEnvServer - INFO - Pending tasks: 1, Event loop lag: mean=2ms, p99=13ms, max=13ms (n=98)
2026-03-12 01:33:34 - verifiers.workers.server.env_server.ZMQEnvServer - INFO - Pending tasks: 1, Event loop lag: mean=2ms, p99=3ms, max=3ms (n=98)
2026-03-12 01:33:44 - verifiers.workers.server.env_server.ZMQEnvServer - INFO - Pending tasks: 1, Event loop lag: mean=2ms, p99=3ms, max=3ms (n=98)
2026-03-12 01:33:54 - verifiers.workers.server.env_server.ZMQEnvServer - INFO - Pending tasks: 1, Event loop lag: mean=2ms, p99=4ms, max=4ms (n=98)
2026-03-12 01:34:04 - verifiers.workers.server.env_server.ZMQEnvServer - INFO - Pending tasks: 1, Event loop lag: mean=2ms, p99=3ms, max=3ms (n=98)
2026-03-12 01:34:14 - verifiers.workers.server.env_server.ZMQEnvServer - INFO - Environment server shut down
2026-03-12 01:34:21 - verifiers.workers.server.env_server.ZMQEnvServer - INFO - Initializing ZMQEnvServer to serve candidate-env (env_args={}, extra_env_kwargs={})
2026-03-12 01:34:21 - verifiers.workers.server.env_server.ZMQEnvServer - INFO - Loading environment candidate-env with env_args={}
2026-03-12 01:34:21 - verifiers.utils.env_utils - INFO - Loading environment: candidate-env
2026-03-12 01:34:21 - verifiers.utils.env_utils - INFO - Using default args: num_tasks=50, eval_num_tasks=20
2026-03-12 01:34:21 - verifiers.utils.env_utils - INFO - Successfully loaded environment 'candidate-env'
2026-03-12 01:34:21 - verifiers.workers.server.env_server.ZMQEnvServer - INFO - ZMQEnvServer started on tcp://127.0.0.1:57075
2026-03-12 01:34:21 - verifiers.workers.server.env_server.ZMQEnvServer - INFO - Health check responder started on tcp://127.0.0.1:57076
2026-03-12 01:34:31 - verifiers.workers.server.env_server.ZMQEnvServer - INFO - Pending tasks: 8, Event loop lag: mean=3ms, p99=77ms, max=77ms (n=97)
2026-03-12 01:34:41 - verifiers.workers.server.env_server.ZMQEnvServer - INFO - Pending tasks: 8, Event loop lag: mean=2ms, p99=3ms, max=3ms (n=98)
2026-03-12 01:34:51 - verifiers.workers.server.env_server.ZMQEnvServer - INFO - Pending tasks: 8, Event loop lag: mean=2ms, p99=8ms, max=8ms (n=98)
2026-03-12 01:35:01 - verifiers.workers.server.env_server.ZMQEnvServer - INFO - Pending tasks: 8, Event loop lag: mean=2ms, p99=8ms, max=8ms (n=98)
2026-03-12 01:35:11 - verifiers.workers.server.env_server.ZMQEnvServer - INFO - Pending tasks: 8, Event loop lag: mean=2ms, p99=4ms, max=4ms (n=98)
2026-03-12 01:35:21 - verifiers.workers.server.env_server.ZMQEnvServer - INFO - Pending tasks: 8, Event loop lag: mean=2ms, p99=17ms, max=17ms (n=98)
2026-03-12 01:35:31 - verifiers.workers.server.env_server.ZMQEnvServer - INFO - Pending tasks: 8, Event loop lag: mean=2ms, p99=14ms, max=14ms (n=98)
2026-03-12 01:35:41 - verifiers.workers.server.env_server.ZMQEnvServer - INFO - Pending tasks: 8, Event loop lag: mean=2ms, p99=5ms, max=5ms (n=99)
2026-03-12 01:35:51 - verifiers.workers.server.env_server.ZMQEnvServer - INFO - Pending tasks: 8, Event loop lag: mean=2ms, p99=11ms, max=11ms (n=98)
2026-03-12 01:36:01 - verifiers.workers.server.env_server.ZMQEnvServer - INFO - Pending tasks: 8, Event loop lag: mean=2ms, p99=7ms, max=7ms (n=98)
2026-03-12 01:36:11 - verifiers.workers.server.env_server.ZMQEnvServer - INFO - Pending tasks: 8, Event loop lag: mean=2ms, p99=11ms, max=11ms (n=98)
2026-03-12 01:36:21 - verifiers.workers.server.env_server.ZMQEnvServer - INFO - Pending tasks: 8, Event loop lag: mean=2ms, p99=4ms, max=4ms (n=98)
2026-03-12 01:36:31 - verifiers.workers.server.env_server.ZMQEnvServer - INFO - Pending tasks: 8, Event loop lag: mean=2ms, p99=14ms, max=14ms (n=98)
2026-03-12 01:36:41 - verifiers.workers.server.env_server.ZMQEnvServer - INFO - Pending tasks: 8, Event loop lag: mean=2ms, p99=12ms, max=12ms (n=98)
2026-03-12 01:36:51 - verifiers.workers.server.env_server.ZMQEnvServer - INFO - Pending tasks: 8, Event loop lag: mean=2ms, p99=6ms, max=6ms (n=98)
2026-03-12 01:37:01 - verifiers.workers.server.env_server.ZMQEnvServer - INFO - Pending tasks: 8, Event loop lag: mean=2ms, p99=13ms, max=13ms (n=99)
2026-03-12 01:37:11 - verifiers.workers.server.env_server.ZMQEnvServer - INFO - Pending tasks: 8, Event loop lag: mean=2ms, p99=9ms, max=9ms (n=98)
2026-03-12 01:37:21 - verifiers.workers.server.env_server.ZMQEnvServer - INFO - Pending tasks: 7, Event loop lag: mean=2ms, p99=2ms, max=2ms (n=98)
2026-03-12 01:37:31 - verifiers.workers.server.env_server.ZMQEnvServer - INFO - Pending tasks: 4, Event loop lag: mean=2ms, p99=3ms, max=3ms (n=98)
2026-03-12 01:37:41 - verifiers.workers.server.env_server.ZMQEnvServer - INFO - Pending tasks: 3, Event loop lag: mean=2ms, p99=12ms, max=12ms (n=98)
2026-03-12 01:37:51 - verifiers.workers.server.env_server.ZMQEnvServer - INFO - Pending tasks: 3, Event loop lag: mean=2ms, p99=13ms, max=13ms (n=98)
2026-03-12 01:38:01 - verifiers.workers.server.env_server.ZMQEnvServer - INFO - Pending tasks: 3, Event loop lag: mean=2ms, p99=6ms, max=6ms (n=99)
2026-03-12 01:38:11 - verifiers.workers.server.env_server.ZMQEnvServer - INFO - Pending tasks: 3, Event loop lag: mean=2ms, p99=31ms, max=31ms (n=98)
2026-03-12 01:38:21 - verifiers.workers.server.env_server.ZMQEnvServer - INFO - Pending tasks: 3, Event loop lag: mean=2ms, p99=8ms, max=8ms (n=98)
2026-03-12 01:38:31 - verifiers.workers.server.env_server.ZMQEnvServer - INFO - Pending tasks: 2, Event loop lag: mean=2ms, p99=3ms, max=3ms (n=98)
2026-03-12 01:38:41 - verifiers.workers.server.env_server.ZMQEnvServer - INFO - Pending tasks: 2, Event loop lag: mean=2ms, p99=9ms, max=9ms (n=98)
2026-03-12 01:38:51 - verifiers.workers.server.env_server.ZMQEnvServer - INFO - Pending tasks: 1, Event loop lag: mean=2ms, p99=3ms, max=3ms (n=98)
2026-03-12 01:39:01 - verifiers.workers.server.env_server.ZMQEnvServer - INFO - Pending tasks: 1, Event loop lag: mean=2ms, p99=3ms, max=3ms (n=98)
2026-03-12 01:39:11 - verifiers.workers.server.env_server.ZMQEnvServer - INFO - Pending tasks: 1, Event loop lag: mean=2ms, p99=3ms, max=3ms (n=99)
2026-03-12 01:39:21 - verifiers.workers.server.env_server.ZMQEnvServer - INFO - Pending tasks: 1, Event loop lag: mean=2ms, p99=2ms, max=2ms (n=98)
2026-03-12 01:39:31 - verifiers.workers.server.env_server.ZMQEnvServer - INFO - Pending tasks: 1, Event loop lag: mean=2ms, p99=3ms, max=3ms (n=98)
2026-03-12 01:39:41 - verifiers.workers.server.env_server.ZMQEnvServer - INFO - Pending tasks: 1, Event loop lag: mean=2ms, p99=3ms, max=3ms (n=99)
2026-03-12 01:39:50 - verifiers.workers.server.env_server.ZMQEnvServer - INFO - Environment server shut down
